<?xml version="1.0" encoding="UTF-8"?>
<testsuite xmlns:xsi="http://www.w3.org/2001/XMLSchema-instance" xsi:noNamespaceSchemaLocation="https://maven.apache.org/surefire/maven-surefire-plugin/xsd/surefire-test-report.xsd" version="3.0.2" name="org.apache.commons.collections4.set.UnmodifiableSetTest" time="0.011" tests="31" errors="0" skipped="0" failures="0">
  <properties>
[...]
</properties>
  <testcase name="testObjectEqualsSelf" classname="org.apache.commons.collections4.set.UnmodifiableSetTest" time="0.001"/>
  <testcase name="testCanonicalFullCollectionExists" classname="org.apache.commons.collections4.set.UnmodifiableSetTest" time="0.0"/>
  <testcase name="testEqualsNull" classname="org.apache.commons.collections4.set.UnmodifiableSetTest" time="0.0"/>
  <testcase name="testCanonicalEmptyCollectionExists" classname="org.apache.commons.collections4.set.UnmodifiableSetTest" time="0.0"/>
  <testcase name="testSimpleSerialization" classname="org.apache.commons.collections4.set.UnmodifiableSetTest" time="0.001"/>
  <testcase name="testObjectHashCodeEqualsContract" classname="org.apache.commons.collections4.set.UnmodifiableSetTest" time="0.0"/>
  <testcase name="testObjectHashCodeEqualsSelfHashCode" classname="org.apache.commons.collections4.set.UnmodifiableSetTest" time="0.0"/>
  <testcase name="testCollectionContainsAll" classname="org.apache.commons.collections4.set.UnmodifiableSetTest" time="0.0"/>
  <testcase name="testCollectionToArray2" classname="org.apache.commons.collections4.set.UnmodifiableSetTest" time="0.001"/>
  <testcase name="testCollectionSize" classname="org.apache.commons.collections4.set.UnmodifiableSetTest" time="0.0"/>
  <testcase name="testCollectionToString" classname="org.apache.commons.collections4.set.UnmodifiableSetTest" time="0.0"/>
  <testcase name="testCollectionIteratorRemove" classname="org.apache.commons.collections4.set.UnmodifiableSetTest" time="0.0"/>
  <testcase name="testCollectionRemoveAll" classname="org.apache.commons.collections4.set.UnmodifiableSetTest" time="0.0"/>
  <testcase name="testUnsupportedAdd" classname="org.apache.commons.collections4.set.UnmodifiableSetTest" time="0.0"/>
  <testcase name="testCollectionContains" classname="org.apache.commons.collections4.set.UnmodifiableSetTest" time="0.002"/>
  <testcase name="testCollectionRemoveIf" classname="org.apache.commons.collections4.set.UnmodifiableSetTest" time="0.0"/>
  <testcase name="testCollectionIteratorFailFast" classname="org.apache.commons.collections4.set.UnmodifiableSetTest" time="0.0"/>
  <testcase name="testCollectionIsEmpty" classname="org.apache.commons.collections4.set.UnmodifiableSetTest" time="0.0"/>
  <testcase name="testCollectionClear" classname="org.apache.commons.collections4.set.UnmodifiableSetTest" time="0.0"/>
  <testcase name="testCollectionAddAll" classname="org.apache.commons.collections4.set.UnmodifiableSetTest" time="0.001"/>
  <testcase name="testCollectionRetainAll" classname="org.apache.commons.collections4.set.UnmodifiableSetTest" time="0.0"/>
  <testcase name="testCollectionAdd" classname="org.apache.commons.collections4.set.UnmodifiableSetTest" time="0.0"/>
  <testcase name="testUnsupportedRemove" classname="org.apache.commons.collections4.set.UnmodifiableSetTest" time="0.0"/>
  <testcase name="testCollectionRemove" classname="org.apache.commons.collections4.set.UnmodifiableSetTest" time="0.0"/>
  <testcase name="testSerializeDeserializeThenCompare" classname="org.apache.commons.collections4.set.UnmodifiableSetTest" time="0.0"/>
  <testcase name="testCollectionToArray" classname="org.apache.commons.collections4.set.UnmodifiableSetTest" time="0.0"/>
  <testcase name="testCollectionIterator" classname="org.apache.commons.collections4.set.UnmodifiableSetTest" time="0.001"/>
  <testcase name="testSetEquals" classname="org.apache.commons.collections4.set.UnmodifiableSetTest" time="0.0"/>
  <testcase name="testSetHashCode" classname="org.apache.commons.collections4.set.UnmodifiableSetTest" time="0.0"/>
  <testcase name="testDecorateFactory" classname="org.apache.commons.collections4.set.UnmodifiableSetTest" time="0.0"/>
  <testcase name="testUnmodifiable" classname="org.apache.commons.collections4.set.UnmodifiableSetTest" time="0.0"/>
</testsuite>