<?xml version="1.0" encoding="UTF-8"?>
<testsuite xmlns:xsi="http://www.w3.org/2001/XMLSchema-instance" xsi:noNamespaceSchemaLocation="https://maven.apache.org/surefire/maven-surefire-plugin/xsd/surefire-test-report.xsd" version="3.0.2" name="org.apache.commons.collections4.CollectionUtilsTest" time="1.065" tests="161" errors="0" skipped="0" failures="0">
  <properties>
[...]
</properties>
  <testcase name="testContainsAnyInArray" classname="org.apache.commons.collections4.CollectionUtilsTest" time="0.007"/>
  <testcase name="forAllDoIterator" classname="org.apache.commons.collections4.CollectionUtilsTest" time="0.019"/>
  <testcase name="countMatches" classname="org.apache.commons.collections4.CollectionUtilsTest" time="0.026"/>
  <testcase name="testGetNegative" classname="org.apache.commons.collections4.CollectionUtilsTest" time="0.001"/>
  <testcase name="testIsEmptyWithNull" classname="org.apache.commons.collections4.CollectionUtilsTest" time="0.001"/>
  <testcase name="testIsEmptyWithNonEmptyCollection" classname="org.apache.commons.collections4.CollectionUtilsTest" time="0.003"/>
  <testcase name="testIsEmptyWithEmptyCollection" classname="org.apache.commons.collections4.CollectionUtilsTest" time="0.002"/>
  <testcase name="testHashCodeNullEquator" classname="org.apache.commons.collections4.CollectionUtilsTest" time="0.002"/>
  <testcase name="testRemoveAllNullSubColl" classname="org.apache.commons.collections4.CollectionUtilsTest" time="0.009"/>
  <testcase name="testIsEqualCollection2" classname="org.apache.commons.collections4.CollectionUtilsTest" time="0.013"/>
  <testcase name="testIsEqualCollection" classname="org.apache.commons.collections4.CollectionUtilsTest" time="0.0"/>
  <testcase name="testGetIterator" classname="org.apache.commons.collections4.CollectionUtilsTest" time="0.002"/>
  <testcase name="testPredicatedCollectionNullPredicate" classname="org.apache.commons.collections4.CollectionUtilsTest" time="0.007"/>
  <testcase name="testRemoveCountNegative" classname="org.apache.commons.collections4.CollectionUtilsTest" time="0.002"/>
  <testcase name="testFilterInverseNullParameters" classname="org.apache.commons.collections4.CollectionUtilsTest" time="0.006"/>
  <testcase name="testSizeIsEmpty_Enumeration" classname="org.apache.commons.collections4.CollectionUtilsTest" time="0.007"/>
  <testcase name="testTransformingCollectionNullColl" classname="org.apache.commons.collections4.CollectionUtilsTest" time="0.001"/>
  <testcase name="testIsSubCollection2" classname="org.apache.commons.collections4.CollectionUtilsTest" time="0.006"/>
  <testcase name="testRemoveRangeEndIndexNegative" classname="org.apache.commons.collections4.CollectionUtilsTest" time="0.002"/>
  <testcase name="testSubtractNullColl1" classname="org.apache.commons.collections4.CollectionUtilsTest" time="0.001"/>
  <testcase name="testSubtractNullColl2" classname="org.apache.commons.collections4.CollectionUtilsTest" time="0.002"/>
  <testcase name="testAddIgnoreNull" classname="org.apache.commons.collections4.CollectionUtilsTest" time="0.005"/>
  <testcase name="testMaxSizeNullColl" classname="org.apache.commons.collections4.CollectionUtilsTest" time="0.002"/>
  <testcase name="testGetFromObjectArray" classname="org.apache.commons.collections4.CollectionUtilsTest" time="0.014"/>
  <testcase name="testIsProperSubCollection" classname="org.apache.commons.collections4.CollectionUtilsTest" time="0.011"/>
  <testcase name="testIntersectionUsesMethodEquals" classname="org.apache.commons.collections4.CollectionUtilsTest" time="0.001"/>
  <testcase name="testGet" classname="org.apache.commons.collections4.CollectionUtilsTest" time="0.0"/>
  <testcase name="testSubtract" classname="org.apache.commons.collections4.CollectionUtilsTest" time="0.001"/>
  <testcase name="testReverseArrayNull" classname="org.apache.commons.collections4.CollectionUtilsTest" time="0.001"/>
  <testcase name="testDisjunctionNullColl1" classname="org.apache.commons.collections4.CollectionUtilsTest" time="0.007"/>
  <testcase name="testDisjunctionNullColl2" classname="org.apache.commons.collections4.CollectionUtilsTest" time="0.003"/>
  <testcase name="testIsEqualCollectionReturnsFalse" classname="org.apache.commons.collections4.CollectionUtilsTest" time="0.001"/>
  <testcase name="exists" classname="org.apache.commons.collections4.CollectionUtilsTest" time="0.001"/>
  <testcase name="testGetFromMapIndexOutOfRange" classname="org.apache.commons.collections4.CollectionUtilsTest" time="0.015"/>
  <testcase name="getFromEnumeration" classname="org.apache.commons.collections4.CollectionUtilsTest" time="0.008"/>
  <testcase name="testUnion" classname="org.apache.commons.collections4.CollectionUtilsTest" time="0.001"/>
  <testcase name="testGet1" classname="org.apache.commons.collections4.CollectionUtilsTest" time="0.002"/>
  <testcase name="testFilterInverse" classname="org.apache.commons.collections4.CollectionUtilsTest" time="0.002"/>
  <testcase name="testGetFromHashMap" classname="org.apache.commons.collections4.CollectionUtilsTest" time="0.002"/>
  <testcase name="testExtractSingleton" classname="org.apache.commons.collections4.CollectionUtilsTest" time="0.002"/>
  <testcase name="testSelectWithOutputCollections" classname="org.apache.commons.collections4.CollectionUtilsTest" time="0.001"/>
  <testcase name="testTransformedCollection" classname="org.apache.commons.collections4.CollectionUtilsTest" time="0.001"/>
  <testcase name="testDisjunction" classname="org.apache.commons.collections4.CollectionUtilsTest" time="0.0"/>
  <testcase name="testRemoveCountWrongCount" classname="org.apache.commons.collections4.CollectionUtilsTest" time="0.001"/>
  <testcase name="testContainsAnyInCollection" classname="org.apache.commons.collections4.CollectionUtilsTest" time="0.002"/>
  <testcase name="testIsNotEmptyWithNull" classname="org.apache.commons.collections4.CollectionUtilsTest" time="0.001"/>
  <testcase name="testRemoveCount" classname="org.apache.commons.collections4.CollectionUtilsTest" time="0.001"/>
  <testcase name="testRemoveRange" classname="org.apache.commons.collections4.CollectionUtilsTest" time="0.001"/>
  <testcase name="testSelectRejected" classname="org.apache.commons.collections4.CollectionUtilsTest" time="0.001"/>
  <testcase name="forAllButLastDoCollection" classname="org.apache.commons.collections4.CollectionUtilsTest" time="0.001"/>
  <testcase name="testSize_PrimitiveArray" classname="org.apache.commons.collections4.CollectionUtilsTest" time="0.002"/>
  <testcase name="testRetainAll" classname="org.apache.commons.collections4.CollectionUtilsTest" time="0.0"/>
  <testcase name="testUnionNullColl1" classname="org.apache.commons.collections4.CollectionUtilsTest" time="0.002"/>
  <testcase name="testUnionNullColl2" classname="org.apache.commons.collections4.CollectionUtilsTest" time="0.004"/>
  <testcase name="testPredicatedCollection" classname="org.apache.commons.collections4.CollectionUtilsTest" time="0.005"/>
  <testcase name="testGetFromPrimitiveArray" classname="org.apache.commons.collections4.CollectionUtilsTest" time="0.001"/>
  <testcase name="testIsEqualCollectionNullColl1" classname="org.apache.commons.collections4.CollectionUtilsTest" time="0.003"/>
  <testcase name="testIsEqualCollectionNullColl2" classname="org.apache.commons.collections4.CollectionUtilsTest" time="0.005"/>
  <testcase name="testIsFullNullColl" classname="org.apache.commons.collections4.CollectionUtilsTest" time="0.001"/>
  <testcase name="testGetFromObject" classname="org.apache.commons.collections4.CollectionUtilsTest" time="0.001"/>
  <testcase name="testEmptyCollection" classname="org.apache.commons.collections4.CollectionUtilsTest" time="0.001"/>
  <testcase name="testSizeIsEmpty_PrimitiveArray" classname="org.apache.commons.collections4.CollectionUtilsTest" time="0.001"/>
  <testcase name="testSelect_Iterable_Predicate_Collection_JiraCollections864" classname="org.apache.commons.collections4.CollectionUtilsTest" time="0.001"/>
  <testcase name="testContainsAll" classname="org.apache.commons.collections4.CollectionUtilsTest" time="0.001"/>
  <testcase name="testRemoveRangeWrongEndIndex" classname="org.apache.commons.collections4.CollectionUtilsTest" time="0.002"/>
  <testcase name="testGetEnumeration" classname="org.apache.commons.collections4.CollectionUtilsTest" time="0.001"/>
  <testcase name="testSubtractWithPredicate" classname="org.apache.commons.collections4.CollectionUtilsTest" time="0.001"/>
  <testcase name="testTransformedCollection_2" classname="org.apache.commons.collections4.CollectionUtilsTest" time="0.002"/>
  <testcase name="testAddAllNullColl2" classname="org.apache.commons.collections4.CollectionUtilsTest" time="0.004"/>
  <testcase name="testAddAllNullColl3" classname="org.apache.commons.collections4.CollectionUtilsTest" time="0.002"/>
  <testcase name="testAddAllNullColl4" classname="org.apache.commons.collections4.CollectionUtilsTest" time="0.001"/>
  <testcase name="testAddAllNullColl5" classname="org.apache.commons.collections4.CollectionUtilsTest" time="0.001"/>
  <testcase name="cardinalityOfNull" classname="org.apache.commons.collections4.CollectionUtilsTest" time="0.009"/>
  <testcase name="testHashCodeNullCollection" classname="org.apache.commons.collections4.CollectionUtilsTest" time="0.072"/>
  <testcase name="testSizeIsEmpty_List" classname="org.apache.commons.collections4.CollectionUtilsTest" time="0.011"/>
  <testcase name="testSizeIsEmpty_Null" classname="org.apache.commons.collections4.CollectionUtilsTest" time="0.005"/>
  <testcase name="testIntersectionNullColl1" classname="org.apache.commons.collections4.CollectionUtilsTest" time="0.001"/>
  <testcase name="testIntersectionNullColl2" classname="org.apache.commons.collections4.CollectionUtilsTest" time="0.016"/>
  <testcase name="testIsSubCollectionOfSelf" classname="org.apache.commons.collections4.CollectionUtilsTest" time="0.001"/>
  <testcase name="testSizeIsEmpty_Map" classname="org.apache.commons.collections4.CollectionUtilsTest" time="0.003"/>
  <testcase name="find" classname="org.apache.commons.collections4.CollectionUtilsTest" time="0.038"/>
  <testcase name="testIsEqualCollectionEquator" classname="org.apache.commons.collections4.CollectionUtilsTest" time="0.011"/>
  <testcase name="testRemoveCountStartNegative" classname="org.apache.commons.collections4.CollectionUtilsTest" time="0.002"/>
  <testcase name="testGetPositiveOutOfBounds" classname="org.apache.commons.collections4.CollectionUtilsTest" time="0.001"/>
  <testcase name="testGetCardinalityMap" classname="org.apache.commons.collections4.CollectionUtilsTest" time="0.0"/>
  <testcase name="testContainsAnyNullColl1" classname="org.apache.commons.collections4.CollectionUtilsTest" time="0.001"/>
  <testcase name="testContainsAnyNullColl2" classname="org.apache.commons.collections4.CollectionUtilsTest" time="0.005"/>
  <testcase name="testContainsAnyNullColl3" classname="org.apache.commons.collections4.CollectionUtilsTest" time="0.002"/>
  <testcase name="testGetFromList" classname="org.apache.commons.collections4.CollectionUtilsTest" time="0.13"/>
  <testcase name="testEmptyIfNull" classname="org.apache.commons.collections4.CollectionUtilsTest" time="0.001"/>
  <testcase name="testRetainAllNullBaseColl" classname="org.apache.commons.collections4.CollectionUtilsTest" time="0.002"/>
  <testcase name="testRemoveRangeEndLowStart" classname="org.apache.commons.collections4.CollectionUtilsTest" time="0.002"/>
  <testcase name="getFromIterable" classname="org.apache.commons.collections4.CollectionUtilsTest" time="0.002"/>
  <testcase name="getFromIterator" classname="org.apache.commons.collections4.CollectionUtilsTest" time="0.002"/>
  <testcase name="testPermutationsWithNullCollection" classname="org.apache.commons.collections4.CollectionUtilsTest" time="0.001"/>
  <testcase name="testMaxSize" classname="org.apache.commons.collections4.CollectionUtilsTest" time="0.037"/>
  <testcase name="testCollateIgnoreDuplicates" classname="org.apache.commons.collections4.CollectionUtilsTest" time="0.004"/>
  <testcase name="testCollate" classname="org.apache.commons.collections4.CollectionUtilsTest" time="0.004"/>
  <testcase name="testCollect" classname="org.apache.commons.collections4.CollectionUtilsTest" time="0.003"/>
  <testcase name="forAllDoCollection" classname="org.apache.commons.collections4.CollectionUtilsTest" time="0.001"/>
  <testcase name="testRetainAllWithEquator" classname="org.apache.commons.collections4.CollectionUtilsTest" time="0.004"/>
  <testcase name="testAddAllForElements" classname="org.apache.commons.collections4.CollectionUtilsTest" time="0.0"/>
  <testcase name="testGetCardinalityMapNull" classname="org.apache.commons.collections4.CollectionUtilsTest" time="0.001"/>
  <testcase name="testReverse" classname="org.apache.commons.collections4.CollectionUtilsTest" time="0.001"/>
  <testcase name="testaddAllNullColl1" classname="org.apache.commons.collections4.CollectionUtilsTest" time="0.002"/>
  <testcase name="testRemoveCountWithNull" classname="org.apache.commons.collections4.CollectionUtilsTest" time="0.001"/>
  <testcase name="testIsProperSubCollectionNullColl1" classname="org.apache.commons.collections4.CollectionUtilsTest" time="0.001"/>
  <testcase name="testIsProperSubCollectionNullColl2" classname="org.apache.commons.collections4.CollectionUtilsTest" time="0.001"/>
  <testcase name="testPredicatedCollectionNullColl" classname="org.apache.commons.collections4.CollectionUtilsTest" time="0.001"/>
  <testcase name="testIsSubCollection" classname="org.apache.commons.collections4.CollectionUtilsTest" time="0.0"/>
  <testcase name="cardinality" classname="org.apache.commons.collections4.CollectionUtilsTest" time="0.001"/>
  <testcase name="testHashCode" classname="org.apache.commons.collections4.CollectionUtilsTest" time="0.009"/>
  <testcase name="testSynchronizedCollection" classname="org.apache.commons.collections4.CollectionUtilsTest" time="0.001"/>
  <testcase name="testIsSubCollectionNullColl1" classname="org.apache.commons.collections4.CollectionUtilsTest" time="0.001"/>
  <testcase name="testIsSubCollectionNullColl2" classname="org.apache.commons.collections4.CollectionUtilsTest" time="0.001"/>
  <testcase name="testDisjunctionAsUnionMinusIntersection" classname="org.apache.commons.collections4.CollectionUtilsTest" time="0.001"/>
  <testcase name="testUnmodifiableCollection" classname="org.apache.commons.collections4.CollectionUtilsTest" time="0.001"/>
  <testcase name="testFilterNullParameters" classname="org.apache.commons.collections4.CollectionUtilsTest" time="0.001"/>
  <testcase name="testRetainAllNullSubColl" classname="org.apache.commons.collections4.CollectionUtilsTest" time="0.002"/>
  <testcase name="testMatchesAll" classname="org.apache.commons.collections4.CollectionUtilsTest" time="0.001"/>
  <testcase name="testSize_List" classname="org.apache.commons.collections4.CollectionUtilsTest" time="0.0"/>
  <testcase name="testIsEqualCollectionNullEquator" classname="org.apache.commons.collections4.CollectionUtilsTest" time="0.001"/>
  <testcase name="testAddIgnoreNullNullColl" classname="org.apache.commons.collections4.CollectionUtilsTest" time="0.001"/>
  <testcase name="testRemoveRangeNull" classname="org.apache.commons.collections4.CollectionUtilsTest" time="0.001"/>
  <testcase name="testContainsAnyInArrayNullArray" classname="org.apache.commons.collections4.CollectionUtilsTest" time="0.001"/>
  <testcase name="testContainsAnyInArrayNullColl1" classname="org.apache.commons.collections4.CollectionUtilsTest" time="0.001"/>
  <testcase name="testContainsAnyInArrayNullColl2" classname="org.apache.commons.collections4.CollectionUtilsTest" time="0.001"/>
  <testcase name="testIntersection" classname="org.apache.commons.collections4.CollectionUtilsTest" time="0.002"/>
  <testcase name="testSize_Enumeration" classname="org.apache.commons.collections4.CollectionUtilsTest" time="0.001"/>
  <testcase name="testSizeIsEmpty_Iterator" classname="org.apache.commons.collections4.CollectionUtilsTest" time="0.001"/>
  <testcase name="testFilter" classname="org.apache.commons.collections4.CollectionUtilsTest" time="0.001"/>
  <testcase name="testGetFromTreeMap" classname="org.apache.commons.collections4.CollectionUtilsTest" time="0.001"/>
  <testcase name="forAllDoFailure" classname="org.apache.commons.collections4.CollectionUtilsTest" time="0.002"/>
  <testcase name="testIsFull" classname="org.apache.commons.collections4.CollectionUtilsTest" time="0.002"/>
  <testcase name="testRemoveAllNullBaseColl" classname="org.apache.commons.collections4.CollectionUtilsTest" time="0.001"/>
  <testcase name="testGetFromLinkedHashMap" classname="org.apache.commons.collections4.CollectionUtilsTest" time="0.001"/>
  <testcase name="testSizeIsEmpty_Array" classname="org.apache.commons.collections4.CollectionUtilsTest" time="0.001"/>
  <testcase name="testSize_Map" classname="org.apache.commons.collections4.CollectionUtilsTest" time="0.008"/>
  <testcase name="testSizeIsEmpty_Other" classname="org.apache.commons.collections4.CollectionUtilsTest" time="0.007"/>
  <testcase name="testIsNotEmptyWithNonEmptyCollection" classname="org.apache.commons.collections4.CollectionUtilsTest" time="0.002"/>
  <testcase name="testDisjunctionAsSymmetricDifference" classname="org.apache.commons.collections4.CollectionUtilsTest" time="0.001"/>
  <testcase name="testPermutations" classname="org.apache.commons.collections4.CollectionUtilsTest" time="0.002"/>
  <testcase name="testIsEmpty" classname="org.apache.commons.collections4.CollectionUtilsTest" time="0.001"/>
  <testcase name="testSize_Iterator" classname="org.apache.commons.collections4.CollectionUtilsTest" time="0.001"/>
  <testcase name="testIsEqualCollectionToSelf" classname="org.apache.commons.collections4.CollectionUtilsTest" time="0.001"/>
  <testcase name="testSelect" classname="org.apache.commons.collections4.CollectionUtilsTest" time="0.001"/>
  <testcase name="testTransformingCollectionNullTransformer" classname="org.apache.commons.collections4.CollectionUtilsTest" time="0.005"/>
  <testcase name="testSize_Array" classname="org.apache.commons.collections4.CollectionUtilsTest" time="0.0"/>
  <testcase name="testSize_Other" classname="org.apache.commons.collections4.CollectionUtilsTest" time="0.001"/>
  <testcase name="testAddAllForIterable" classname="org.apache.commons.collections4.CollectionUtilsTest" time="0.019"/>
  <testcase name="testCollateException0" classname="org.apache.commons.collections4.CollectionUtilsTest" time="0.013"/>
  <testcase name="testCollateException1" classname="org.apache.commons.collections4.CollectionUtilsTest" time="0.015"/>
  <testcase name="testCollateException2" classname="org.apache.commons.collections4.CollectionUtilsTest" time="0.018"/>
  <testcase name="forAllButLastDoIterator" classname="org.apache.commons.collections4.CollectionUtilsTest" time="0.002"/>
  <testcase name="testTransform1" classname="org.apache.commons.collections4.CollectionUtilsTest" time="0.002"/>
  <testcase name="testTransform2" classname="org.apache.commons.collections4.CollectionUtilsTest" time="0.002"/>
  <testcase name="testAddAllForEnumeration" classname="org.apache.commons.collections4.CollectionUtilsTest" time="0.001"/>
  <testcase name="testRemoveRangeStartIndexNegative" classname="org.apache.commons.collections4.CollectionUtilsTest" time="0.014"/>
  <testcase name="testRemoveAll" classname="org.apache.commons.collections4.CollectionUtilsTest" time="0.0"/>
  <testcase name="testRemoveAllWithEquator" classname="org.apache.commons.collections4.CollectionUtilsTest" time="0.011"/>
  <testcase name="testIsNotEmptyWithEmptyCollection" classname="org.apache.commons.collections4.CollectionUtilsTest" time="0.002"/>
</testsuite>