<?xml version="1.0" encoding="UTF-8"?>
<testsuite xmlns:xsi="http://www.w3.org/2001/XMLSchema-instance" xsi:noNamespaceSchemaLocation="https://maven.apache.org/surefire/maven-surefire-plugin/xsd/surefire-test-report.xsd" version="3.0.2" name="org.apache.commons.collections4.list.TransformedListTest" time="0.229" tests="61" errors="0" skipped="0" failures="0">
  <properties>
[...]
</properties>
  <testcase name="testObjectEqualsSelf" classname="org.apache.commons.collections4.list.TransformedListTest" time="0.003"/>
  <testcase name="testCanonicalFullCollectionExists" classname="org.apache.commons.collections4.list.TransformedListTest" time="0.002"/>
  <testcase name="testEqualsNull" classname="org.apache.commons.collections4.list.TransformedListTest" time="0.001"/>
  <testcase name="testCanonicalEmptyCollectionExists" classname="org.apache.commons.collections4.list.TransformedListTest" time="0.001"/>
  <testcase name="testSimpleSerialization" classname="org.apache.commons.collections4.list.TransformedListTest" time="0.002"/>
  <testcase name="testObjectHashCodeEqualsContract" classname="org.apache.commons.collections4.list.TransformedListTest" time="0.001"/>
  <testcase name="testObjectHashCodeEqualsSelfHashCode" classname="org.apache.commons.collections4.list.TransformedListTest" time="0.001"/>
  <testcase name="testCollectionContainsAll" classname="org.apache.commons.collections4.list.TransformedListTest" time="0.001"/>
  <testcase name="testCollectionToArray2" classname="org.apache.commons.collections4.list.TransformedListTest" time="0.006"/>
  <testcase name="testCollectionSize" classname="org.apache.commons.collections4.list.TransformedListTest" time="0.0"/>
  <testcase name="testCollectionToString" classname="org.apache.commons.collections4.list.TransformedListTest" time="0.001"/>
  <testcase name="testCollectionIteratorRemove" classname="org.apache.commons.collections4.list.TransformedListTest" time="0.024"/>
  <testcase name="testCollectionRemoveAll" classname="org.apache.commons.collections4.list.TransformedListTest" time="0.0"/>
  <testcase name="testUnsupportedAdd" classname="org.apache.commons.collections4.list.TransformedListTest" time="0.0"/>
  <testcase name="testCollectionContains" classname="org.apache.commons.collections4.list.TransformedListTest" time="0.001"/>
  <testcase name="testCollectionRemoveIf" classname="org.apache.commons.collections4.list.TransformedListTest" time="0.001"/>
  <testcase name="testCollectionIteratorFailFast" classname="org.apache.commons.collections4.list.TransformedListTest" time="0.016"/>
  <testcase name="testCollectionIsEmpty" classname="org.apache.commons.collections4.list.TransformedListTest" time="0.004"/>
  <testcase name="testCollectionClear" classname="org.apache.commons.collections4.list.TransformedListTest" time="0.001"/>
  <testcase name="testCollectionAddAll" classname="org.apache.commons.collections4.list.TransformedListTest" time="0.001"/>
  <testcase name="testCollectionRetainAll" classname="org.apache.commons.collections4.list.TransformedListTest" time="0.009"/>
  <testcase name="testCollectionAdd" classname="org.apache.commons.collections4.list.TransformedListTest" time="0.007"/>
  <testcase name="testUnsupportedRemove" classname="org.apache.commons.collections4.list.TransformedListTest" time="0.0"/>
  <testcase name="testCollectionRemove" classname="org.apache.commons.collections4.list.TransformedListTest" time="0.005"/>
  <testcase name="testSerializeDeserializeThenCompare" classname="org.apache.commons.collections4.list.TransformedListTest" time="0.006"/>
  <testcase name="testCollectionToArray" classname="org.apache.commons.collections4.list.TransformedListTest" time="0.001"/>
  <testcase name="testCollectionIterator" classname="org.apache.commons.collections4.list.TransformedListTest" time="0.001"/>
  <testcase name="testListGetByIndex" classname="org.apache.commons.collections4.list.TransformedListTest" time="0.002"/>
  <testcase name="testListHashCode" classname="org.apache.commons.collections4.list.TransformedListTest" time="0.001"/>
  <testcase name="testListListIteratorPreviousRemovePrevious" classname="org.apache.commons.collections4.list.TransformedListTest" time="0.02"/>
  <testcase name="testListSetByIndexBoundsChecking" classname="org.apache.commons.collections4.list.TransformedListTest" time="0.001"/>
  <testcase name="testEmptyListCompatibility" classname="org.apache.commons.collections4.list.TransformedListTest" time="0.002"/>
  <testcase name="testListAddByIndex" classname="org.apache.commons.collections4.list.TransformedListTest" time="0.001"/>
  <testcase name="testListEquals" classname="org.apache.commons.collections4.list.TransformedListTest" time="0.014"/>
  <testcase name="testListListIteratorByIndex" classname="org.apache.commons.collections4.list.TransformedListTest" time="0.012"/>
  <testcase name="testListGetByIndexBoundsChecking" classname="org.apache.commons.collections4.list.TransformedListTest" time="0.003"/>
  <testcase name="testListListIterator" classname="org.apache.commons.collections4.list.TransformedListTest" time="0.0"/>
  <testcase name="testListSubListFailFastOnRemove" classname="org.apache.commons.collections4.list.TransformedListTest" time="0.001"/>
  <testcase name="testListIteratorAdd" classname="org.apache.commons.collections4.list.TransformedListTest" time="0.004"/>
  <testcase name="testListIteratorSet" classname="org.apache.commons.collections4.list.TransformedListTest" time="0.002"/>
  <testcase name="testListListIteratorPreviousRemoveNext" classname="org.apache.commons.collections4.list.TransformedListTest" time="0.001"/>
  <testcase name="testListSetByIndex" classname="org.apache.commons.collections4.list.TransformedListTest" time="0.001"/>
  <testcase name="testListRemoveByIndexBoundsChecking" classname="org.apache.commons.collections4.list.TransformedListTest" time="0.001"/>
  <testcase name="testListGetByIndexBoundsChecking2" classname="org.apache.commons.collections4.list.TransformedListTest" time="0.002"/>
  <testcase name="testUnsupportedSet" classname="org.apache.commons.collections4.list.TransformedListTest" time="0.0"/>
  <testcase name="testListSubListFailFastOnAdd" classname="org.apache.commons.collections4.list.TransformedListTest" time="0.001"/>
  <testcase name="testFullListSerialization" classname="org.apache.commons.collections4.list.TransformedListTest" time="0.002"/>
  <testcase name="testListAddByIndexBoundsChecking" classname="org.apache.commons.collections4.list.TransformedListTest" time="0.001"/>
  <testcase name="testListListIteratorNextRemovePrevious" classname="org.apache.commons.collections4.list.TransformedListTest" time="0.001"/>
  <testcase name="testListSetByIndexBoundsChecking2" classname="org.apache.commons.collections4.list.TransformedListTest" time="0.001"/>
  <testcase name="testListRemoveByIndex" classname="org.apache.commons.collections4.list.TransformedListTest" time="0.001"/>
  <testcase name="testListRemoveByIndexBoundsChecking2" classname="org.apache.commons.collections4.list.TransformedListTest" time="0.001"/>
  <testcase name="testListAddByIndexBoundsChecking2" classname="org.apache.commons.collections4.list.TransformedListTest" time="0.001"/>
  <testcase name="testListIndexOf" classname="org.apache.commons.collections4.list.TransformedListTest" time="0.001"/>
  <testcase name="testListLastIndexOf" classname="org.apache.commons.collections4.list.TransformedListTest" time="0.001"/>
  <testcase name="testFullListCompatibility" classname="org.apache.commons.collections4.list.TransformedListTest" time="0.015"/>
  <testcase name="testEmptyListSerialization" classname="org.apache.commons.collections4.list.TransformedListTest" time="0.001"/>
  <testcase name="testListListIteratorNextRemoveNext" classname="org.apache.commons.collections4.list.TransformedListTest" time="0.001"/>
  <testcase name="testTransformedList_decorateTransform" classname="org.apache.commons.collections4.list.TransformedListTest" time="0.001"/>
  <testcase name="testTransformedList" classname="org.apache.commons.collections4.list.TransformedListTest" time="0.001"/>
  <testcase name="testSubList" classname="org.apache.commons.collections4.list.TransformedListTest" time="0.001"/>
</testsuite>